<?xml version="1.0" encoding="UTF-8"?>
<!-- Generated by org.testng.reporters.JUnitXMLReporter -->
<testsuite ignored="0" hostname="PREDATOR" failures="2" tests="5" name="End2End_PurchaseOrder" time="96.812" errors="0" timestamp="2024-10-21T23:46:28 IST">
  <testcase classname="org.GreenKartAutomation.TestClasses.PurchaseOrderTests" name="AutoReturnHome" time="21.13"/>
  <testcase classname="org.GreenKartAutomation.TestClasses.PurchaseOrderTests" name="EmptyCartPurchase" time="7.658">
    <failure type="java.lang.AssertionError" message="expected [false] but found [true]">
      <![CDATA[java.lang.AssertionError: expected [false] but found [true]
at org.GreenKartAutomation.TestClasses.PurchaseOrderTests.EmptyCartPurchase(PurchaseOrderTests.java:44)
at java.base/java.util.ArrayList.forEach(ArrayList.java:1511)
... Removed 29 stack frames]]>
    </failure>
  </testcase> <!-- EmptyCartPurchase -->
  <testcase classname="org.GreenKartAutomation.TestClasses.PurchaseOrderTests" name="PositivePurchase" time="15.022"/>
  <testcase classname="org.GreenKartAutomation.TestClasses.PurchaseOrderTests" name="PurchaseWithoutCountry" time="14.793">
    <failure type="java.lang.AssertionError" message="expected [false] but found [true]">
      <![CDATA[java.lang.AssertionError: expected [false] but found [true]
at org.GreenKartAutomation.TestClasses.PurchaseOrderTests.PurchaseWithoutCountry(PurchaseOrderTests.java:33)
at java.base/java.util.ArrayList.forEach(ArrayList.java:1511)
... Removed 29 stack frames]]>
    </failure>
  </testcase> <!-- PurchaseWithoutCountry -->
  <testcase classname="org.GreenKartAutomation.TestClasses.PurchaseOrderTests" name="PurchaseWithoutTermCondition" time="15.392"/>
</testsuite> <!-- End2End_PurchaseOrder -->
