<?xml version="1.0" encoding="UTF-8"?>
<!-- Generated by org.testng.reporters.JUnitXMLReporter -->
<testsuite ignored="0" hostname="PREDATOR" failures="1" tests="2" name="TopDeals" time="9.769" errors="0" timestamp="2024-10-21T23:46:38 IST">
  <testcase classname="org.GreenKartAutomation.TestClasses.TopDealsTests" name="Discounting" time="1.59">
    <failure type="java.lang.AssertionError" message="The following asserts failed:
	Rice have discounting issue... expected [true] but found [false],
	Brinjal have discounting issue... expected [true] but found [false]">
      <![CDATA[java.lang.AssertionError: The following asserts failed:
Rice have discounting issue... expected [true] but found [false],
Brinjal have discounting issue... expected [true] but found [false]
at org.GreenKartAutomation.TestClasses.TopDealsTests.Discounting(TopDealsTests.java:24)
at java.base/java.util.ArrayList.forEach(ArrayList.java:1511)
... Removed 27 stack frames]]>
    </failure>
  </testcase> <!-- Discounting -->
  <testcase classname="org.GreenKartAutomation.TestClasses.TopDealsTests" name="PageSize" time="0.546"/>
</testsuite> <!-- TopDeals -->
