<?xml version="1.0" encoding="UTF-8"?>
<testng-results ignored="0" total="18" passed="13" failed="5" skipped="0">
  <reporter-output>
  </reporter-output>
  <suite started-at="2024-10-21T23:44:51 IST" name="GreenKartTesting" finished-at="2024-10-21T23:48:12 IST" duration-ms="200648">
    <groups>
    </groups>
    <test started-at="2024-10-21T23:44:51 IST" name="End2End_PurchaseOrder" finished-at="2024-10-21T23:46:28 IST" duration-ms="96812">
      <class name="org.GreenKartAutomation.TestClasses.PurchaseOrderTests">
        <test-method is-config="true" signature="LaunchGreenkart()[pri:0, instance:org.GreenKartAutomation.TestClasses.PurchaseOrderTests@f1da57d]" started-at="2024-10-21T23:44:51 IST" name="LaunchGreenkart" finished-at="2024-10-21T23:44:55 IST" duration-ms="3354" status="PASS">
          <reporter-output>
          </reporter-output>
        </test-method> <!-- LaunchGreenkart -->
        <test-method signature="AutoReturnHome()[pri:0, instance:org.GreenKartAutomation.TestClasses.PurchaseOrderTests@f1da57d]" started-at="2024-10-21T23:44:55 IST" name="AutoReturnHome" description="Test to verify auto return to home page after successful order" finished-at="2024-10-21T23:45:16 IST" duration-ms="21130" status="PASS">
          <reporter-output>
          </reporter-output>
        </test-method> <!-- AutoReturnHome -->
        <test-method is-config="true" signature="CloseBrowser()[pri:0, instance:org.GreenKartAutomation.TestClasses.PurchaseOrderTests@f1da57d]" started-at="2024-10-21T23:45:16 IST" name="CloseBrowser" finished-at="2024-10-21T23:45:17 IST" duration-ms="1230" status="PASS">
          <reporter-output>
          </reporter-output>
        </test-method> <!-- CloseBrowser -->
        <test-method is-config="true" signature="LaunchGreenkart()[pri:0, instance:org.GreenKartAutomation.TestClasses.PurchaseOrderTests@f1da57d]" started-at="2024-10-21T23:45:17 IST" name="LaunchGreenkart" finished-at="2024-10-21T23:45:20 IST" duration-ms="2596" status="PASS">
          <reporter-output>
          </reporter-output>
        </test-method> <!-- LaunchGreenkart -->
        <test-method signature="EmptyCartPurchase()[pri:0, instance:org.GreenKartAutomation.TestClasses.PurchaseOrderTests@f1da57d]" started-at="2024-10-21T23:45:20 IST" name="EmptyCartPurchase" description="Test to verify empty order" finished-at="2024-10-21T23:45:27 IST" duration-ms="7658" status="FAIL">
          <exception class="java.lang.AssertionError">
            <message>
              <![CDATA[expected [false] but found [true]]]>
            </message>
            <full-stacktrace>
              <![CDATA[java.lang.AssertionError: expected [false] but found [true]
at org.testng.Assert.fail(Assert.java:110)
at org.testng.Assert.failNotEquals(Assert.java:1577)
at org.testng.Assert.assertFalse(Assert.java:78)
at org.testng.Assert.assertFalse(Assert.java:88)
at org.GreenKartAutomation.TestClasses.PurchaseOrderTests.EmptyCartPurchase(PurchaseOrderTests.java:44)
at java.base/jdk.internal.reflect.DirectMethodHandleAccessor.invoke(DirectMethodHandleAccessor.java:104)
at java.base/java.lang.reflect.Method.invoke(Method.java:577)
at org.testng.internal.invokers.MethodInvocationHelper.invokeMethod(MethodInvocationHelper.java:139)
at org.testng.internal.invokers.TestInvoker.invokeMethod(TestInvoker.java:677)
at org.testng.internal.invokers.TestInvoker.invokeTestMethod(TestInvoker.java:221)
at org.testng.internal.invokers.MethodRunner.runInSequence(MethodRunner.java:50)
at org.testng.internal.invokers.TestInvoker$MethodInvocationAgent.invoke(TestInvoker.java:969)
at org.testng.internal.invokers.TestInvoker.invokeTestMethods(TestInvoker.java:194)
at org.testng.internal.invokers.TestMethodWorker.invokeTestMethods(TestMethodWorker.java:148)
at org.testng.internal.invokers.TestMethodWorker.run(TestMethodWorker.java:128)
at java.base/java.util.ArrayList.forEach(ArrayList.java:1511)
at org.testng.TestRunner.privateRun(TestRunner.java:829)
at org.testng.TestRunner.run(TestRunner.java:602)
at org.testng.SuiteRunner.runTest(SuiteRunner.java:437)
at org.testng.SuiteRunner.runSequentially(SuiteRunner.java:431)
at org.testng.SuiteRunner.privateRun(SuiteRunner.java:391)
at org.testng.SuiteRunner.run(SuiteRunner.java:330)
at org.testng.SuiteRunnerWorker.runSuite(SuiteRunnerWorker.java:52)
at org.testng.SuiteRunnerWorker.run(SuiteRunnerWorker.java:95)
at org.testng.TestNG.runSuitesSequentially(TestNG.java:1256)
at org.testng.TestNG.runSuitesLocally(TestNG.java:1176)
at org.testng.TestNG.runSuites(TestNG.java:1099)
at org.testng.TestNG.run(TestNG.java:1067)
at org.testng.remote.AbstractRemoteTestNG.run(AbstractRemoteTestNG.java:115)
at org.testng.remote.RemoteTestNG.initAndRun(RemoteTestNG.java:251)
at org.testng.remote.RemoteTestNG.main(RemoteTestNG.java:77)
]]>
            </full-stacktrace>
          </exception> <!-- java.lang.AssertionError -->
          <reporter-output>
          </reporter-output>
        </test-method> <!-- EmptyCartPurchase -->
        <test-method is-config="true" signature="CloseBrowser()[pri:0, instance:org.GreenKartAutomation.TestClasses.PurchaseOrderTests@f1da57d]" started-at="2024-10-21T23:45:27 IST" name="CloseBrowser" finished-at="2024-10-21T23:45:29 IST" duration-ms="1276" status="PASS">
          <reporter-output>
          </reporter-output>
        </test-method> <!-- CloseBrowser -->
        <test-method is-config="true" signature="LaunchGreenkart()[pri:0, instance:org.GreenKartAutomation.TestClasses.PurchaseOrderTests@f1da57d]" started-at="2024-10-21T23:45:29 IST" name="LaunchGreenkart" finished-at="2024-10-21T23:45:32 IST" duration-ms="2985" status="PASS">
          <reporter-output>
          </reporter-output>
        </test-method> <!-- LaunchGreenkart -->
        <test-method signature="PositivePurchase()[pri:0, instance:org.GreenKartAutomation.TestClasses.PurchaseOrderTests@f1da57d]" started-at="2024-10-21T23:45:32 IST" name="PositivePurchase" description="Test to verify plcing order with valid details" finished-at="2024-10-21T23:45:47 IST" duration-ms="15022" status="PASS">
          <reporter-output>
          </reporter-output>
        </test-method> <!-- PositivePurchase -->
        <test-method is-config="true" signature="CloseBrowser()[pri:0, instance:org.GreenKartAutomation.TestClasses.PurchaseOrderTests@f1da57d]" started-at="2024-10-21T23:45:47 IST" name="CloseBrowser" finished-at="2024-10-21T23:45:48 IST" duration-ms="1316" status="PASS">
          <reporter-output>
          </reporter-output>
        </test-method> <!-- CloseBrowser -->
        <test-method is-config="true" signature="LaunchGreenkart()[pri:0, instance:org.GreenKartAutomation.TestClasses.PurchaseOrderTests@f1da57d]" started-at="2024-10-21T23:45:48 IST" name="LaunchGreenkart" finished-at="2024-10-21T23:45:52 IST" duration-ms="4183" status="PASS">
          <reporter-output>
          </reporter-output>
        </test-method> <!-- LaunchGreenkart -->
        <test-method signature="PurchaseWithoutCountry()[pri:0, instance:org.GreenKartAutomation.TestClasses.PurchaseOrderTests@f1da57d]" started-at="2024-10-21T23:45:52 IST" name="PurchaseWithoutCountry" description="Test to verify ordering without address" finished-at="2024-10-21T23:46:07 IST" duration-ms="14793" status="FAIL">
          <exception class="java.lang.AssertionError">
            <message>
              <![CDATA[expected [false] but found [true]]]>
            </message>
            <full-stacktrace>
              <![CDATA[java.lang.AssertionError: expected [false] but found [true]
at org.testng.Assert.fail(Assert.java:110)
at org.testng.Assert.failNotEquals(Assert.java:1577)
at org.testng.Assert.assertFalse(Assert.java:78)
at org.testng.Assert.assertFalse(Assert.java:88)
at org.GreenKartAutomation.TestClasses.PurchaseOrderTests.PurchaseWithoutCountry(PurchaseOrderTests.java:33)
at java.base/jdk.internal.reflect.DirectMethodHandleAccessor.invoke(DirectMethodHandleAccessor.java:104)
at java.base/java.lang.reflect.Method.invoke(Method.java:577)
at org.testng.internal.invokers.MethodInvocationHelper.invokeMethod(MethodInvocationHelper.java:139)
at org.testng.internal.invokers.TestInvoker.invokeMethod(TestInvoker.java:677)
at org.testng.internal.invokers.TestInvoker.invokeTestMethod(TestInvoker.java:221)
at org.testng.internal.invokers.MethodRunner.runInSequence(MethodRunner.java:50)
at org.testng.internal.invokers.TestInvoker$MethodInvocationAgent.invoke(TestInvoker.java:969)
at org.testng.internal.invokers.TestInvoker.invokeTestMethods(TestInvoker.java:194)
at org.testng.internal.invokers.TestMethodWorker.invokeTestMethods(TestMethodWorker.java:148)
at org.testng.internal.invokers.TestMethodWorker.run(TestMethodWorker.java:128)
at java.base/java.util.ArrayList.forEach(ArrayList.java:1511)
at org.testng.TestRunner.privateRun(TestRunner.java:829)
at org.testng.TestRunner.run(TestRunner.java:602)
at org.testng.SuiteRunner.runTest(SuiteRunner.java:437)
at org.testng.SuiteRunner.runSequentially(SuiteRunner.java:431)
at org.testng.SuiteRunner.privateRun(SuiteRunner.java:391)
at org.testng.SuiteRunner.run(SuiteRunner.java:330)
at org.testng.SuiteRunnerWorker.runSuite(SuiteRunnerWorker.java:52)
at org.testng.SuiteRunnerWorker.run(SuiteRunnerWorker.java:95)
at org.testng.TestNG.runSuitesSequentially(TestNG.java:1256)
at org.testng.TestNG.runSuitesLocally(TestNG.java:1176)
at org.testng.TestNG.runSuites(TestNG.java:1099)
at org.testng.TestNG.run(TestNG.java:1067)
at org.testng.remote.AbstractRemoteTestNG.run(AbstractRemoteTestNG.java:115)
at org.testng.remote.RemoteTestNG.initAndRun(RemoteTestNG.java:251)
at org.testng.remote.RemoteTestNG.main(RemoteTestNG.java:77)
]]>
            </full-stacktrace>
          </exception> <!-- java.lang.AssertionError -->
          <reporter-output>
          </reporter-output>
        </test-method> <!-- PurchaseWithoutCountry -->
        <test-method is-config="true" signature="CloseBrowser()[pri:0, instance:org.GreenKartAutomation.TestClasses.PurchaseOrderTests@f1da57d]" started-at="2024-10-21T23:46:07 IST" name="CloseBrowser" finished-at="2024-10-21T23:46:08 IST" duration-ms="1176" status="PASS">
          <reporter-output>
          </reporter-output>
        </test-method> <!-- CloseBrowser -->
        <test-method is-config="true" signature="LaunchGreenkart()[pri:0, instance:org.GreenKartAutomation.TestClasses.PurchaseOrderTests@f1da57d]" started-at="2024-10-21T23:46:08 IST" name="LaunchGreenkart" finished-at="2024-10-21T23:46:11 IST" duration-ms="3030" status="PASS">
          <reporter-output>
          </reporter-output>
        </test-method> <!-- LaunchGreenkart -->
        <test-method signature="PurchaseWithoutTermCondition()[pri:0, instance:org.GreenKartAutomation.TestClasses.PurchaseOrderTests@f1da57d]" started-at="2024-10-21T23:46:11 IST" name="PurchaseWithoutTermCondition" description="Test to verify ordering without T&amp;C" finished-at="2024-10-21T23:46:27 IST" duration-ms="15392" status="PASS">
          <reporter-output>
          </reporter-output>
        </test-method> <!-- PurchaseWithoutTermCondition -->
        <test-method is-config="true" signature="CloseBrowser()[pri:0, instance:org.GreenKartAutomation.TestClasses.PurchaseOrderTests@f1da57d]" started-at="2024-10-21T23:46:27 IST" name="CloseBrowser" finished-at="2024-10-21T23:46:28 IST" duration-ms="1236" status="PASS">
          <reporter-output>
          </reporter-output>
        </test-method> <!-- CloseBrowser -->
      </class> <!-- org.GreenKartAutomation.TestClasses.PurchaseOrderTests -->
    </test> <!-- End2End_PurchaseOrder -->
    <test started-at="2024-10-21T23:46:28 IST" name="TopDeals" finished-at="2024-10-21T23:46:38 IST" duration-ms="9769">
      <class name="org.GreenKartAutomation.TestClasses.TopDealsTests">
        <test-method is-config="true" signature="LaunchGreenkart()[pri:0, instance:org.GreenKartAutomation.TestClasses.TopDealsTests@5efa40fe]" started-at="2024-10-21T23:46:28 IST" name="LaunchGreenkart" finished-at="2024-10-21T23:46:31 IST" duration-ms="2523" status="PASS">
          <reporter-output>
          </reporter-output>
        </test-method> <!-- LaunchGreenkart -->
        <test-method signature="Discounting()[pri:0, instance:org.GreenKartAutomation.TestClasses.TopDealsTests@5efa40fe]" started-at="2024-10-21T23:46:31 IST" name="Discounting" description="Test to verify actual price is less then discount price" finished-at="2024-10-21T23:46:32 IST" duration-ms="1590" status="FAIL">
          <exception class="java.lang.AssertionError">
            <message>
              <![CDATA[The following asserts failed:
Rice have discounting issue... expected [true] but found [false],
Brinjal have discounting issue... expected [true] but found [false]]]>
            </message>
            <full-stacktrace>
              <![CDATA[java.lang.AssertionError: The following asserts failed:
Rice have discounting issue... expected [true] but found [false],
Brinjal have discounting issue... expected [true] but found [false]
at org.testng.asserts.SoftAssert.assertAll(SoftAssert.java:46)
at org.testng.asserts.SoftAssert.assertAll(SoftAssert.java:30)
at org.GreenKartAutomation.TestClasses.TopDealsTests.Discounting(TopDealsTests.java:24)
at java.base/jdk.internal.reflect.DirectMethodHandleAccessor.invoke(DirectMethodHandleAccessor.java:104)
at java.base/java.lang.reflect.Method.invoke(Method.java:577)
at org.testng.internal.invokers.MethodInvocationHelper.invokeMethod(MethodInvocationHelper.java:139)
at org.testng.internal.invokers.TestInvoker.invokeMethod(TestInvoker.java:677)
at org.testng.internal.invokers.TestInvoker.invokeTestMethod(TestInvoker.java:221)
at org.testng.internal.invokers.MethodRunner.runInSequence(MethodRunner.java:50)
at org.testng.internal.invokers.TestInvoker$MethodInvocationAgent.invoke(TestInvoker.java:969)
at org.testng.internal.invokers.TestInvoker.invokeTestMethods(TestInvoker.java:194)
at org.testng.internal.invokers.TestMethodWorker.invokeTestMethods(TestMethodWorker.java:148)
at org.testng.internal.invokers.TestMethodWorker.run(TestMethodWorker.java:128)
at java.base/java.util.ArrayList.forEach(ArrayList.java:1511)
at org.testng.TestRunner.privateRun(TestRunner.java:829)
at org.testng.TestRunner.run(TestRunner.java:602)
at org.testng.SuiteRunner.runTest(SuiteRunner.java:437)
at org.testng.SuiteRunner.runSequentially(SuiteRunner.java:431)
at org.testng.SuiteRunner.privateRun(SuiteRunner.java:391)
at org.testng.SuiteRunner.run(SuiteRunner.java:330)
at org.testng.SuiteRunnerWorker.runSuite(SuiteRunnerWorker.java:52)
at org.testng.SuiteRunnerWorker.run(SuiteRunnerWorker.java:95)
at org.testng.TestNG.runSuitesSequentially(TestNG.java:1256)
at org.testng.TestNG.runSuitesLocally(TestNG.java:1176)
at org.testng.TestNG.runSuites(TestNG.java:1099)
at org.testng.TestNG.run(TestNG.java:1067)
at org.testng.remote.AbstractRemoteTestNG.run(AbstractRemoteTestNG.java:115)
at org.testng.remote.RemoteTestNG.initAndRun(RemoteTestNG.java:251)
at org.testng.remote.RemoteTestNG.main(RemoteTestNG.java:77)
]]>
            </full-stacktrace>
          </exception> <!-- java.lang.AssertionError -->
          <reporter-output>
          </reporter-output>
        </test-method> <!-- Discounting -->
        <test-method is-config="true" signature="CloseBrowser()[pri:0, instance:org.GreenKartAutomation.TestClasses.TopDealsTests@5efa40fe]" started-at="2024-10-21T23:46:33 IST" name="CloseBrowser" finished-at="2024-10-21T23:46:34 IST" duration-ms="1194" status="PASS">
          <reporter-output>
          </reporter-output>
        </test-method> <!-- CloseBrowser -->
        <test-method is-config="true" signature="LaunchGreenkart()[pri:0, instance:org.GreenKartAutomation.TestClasses.TopDealsTests@5efa40fe]" started-at="2024-10-21T23:46:34 IST" name="LaunchGreenkart" finished-at="2024-10-21T23:46:36 IST" duration-ms="2565" status="PASS">
          <reporter-output>
          </reporter-output>
        </test-method> <!-- LaunchGreenkart -->
        <test-method signature="PageSize()[pri:0, instance:org.GreenKartAutomation.TestClasses.TopDealsTests@5efa40fe]" started-at="2024-10-21T23:46:36 IST" name="PageSize" description="Test to verify dynamic page size" finished-at="2024-10-21T23:46:37 IST" duration-ms="546" status="PASS">
          <reporter-output>
          </reporter-output>
        </test-method> <!-- PageSize -->
        <test-method is-config="true" signature="CloseBrowser()[pri:0, instance:org.GreenKartAutomation.TestClasses.TopDealsTests@5efa40fe]" started-at="2024-10-21T23:46:37 IST" name="CloseBrowser" finished-at="2024-10-21T23:46:38 IST" duration-ms="1215" status="PASS">
          <reporter-output>
          </reporter-output>
        </test-method> <!-- CloseBrowser -->
      </class> <!-- org.GreenKartAutomation.TestClasses.TopDealsTests -->
    </test> <!-- TopDeals -->
    <test started-at="2024-10-21T23:46:38 IST" name="PromoCode" finished-at="2024-10-21T23:47:27 IST" duration-ms="48856">
      <class name="org.GreenKartAutomation.TestClasses.PromoCodeTests">
        <test-method is-config="true" signature="LaunchGreenkart()[pri:0, instance:org.GreenKartAutomation.TestClasses.PromoCodeTests@6f36c2f0]" started-at="2024-10-21T23:46:38 IST" name="LaunchGreenkart" finished-at="2024-10-21T23:46:41 IST" duration-ms="2437" status="PASS">
          <reporter-output>
          </reporter-output>
        </test-method> <!-- LaunchGreenkart -->
        <test-method signature="EmptyPromoCodeDiscount()[pri:0, instance:org.GreenKartAutomation.TestClasses.PromoCodeTests@6f36c2f0]" started-at="2024-10-21T23:46:41 IST" name="EmptyPromoCodeDiscount" description="Test to verify dicount for no promo-code" finished-at="2024-10-21T23:46:47 IST" duration-ms="6020" status="PASS">
          <reporter-output>
          </reporter-output>
        </test-method> <!-- EmptyPromoCodeDiscount -->
        <test-method is-config="true" signature="CloseBrowser()[pri:0, instance:org.GreenKartAutomation.TestClasses.PromoCodeTests@6f36c2f0]" started-at="2024-10-21T23:46:47 IST" name="CloseBrowser" finished-at="2024-10-21T23:46:48 IST" duration-ms="1230" status="PASS">
          <reporter-output>
          </reporter-output>
        </test-method> <!-- CloseBrowser -->
        <test-method is-config="true" signature="LaunchGreenkart()[pri:0, instance:org.GreenKartAutomation.TestClasses.PromoCodeTests@6f36c2f0]" started-at="2024-10-21T23:46:48 IST" name="LaunchGreenkart" finished-at="2024-10-21T23:46:50 IST" duration-ms="2294" status="PASS">
          <reporter-output>
          </reporter-output>
        </test-method> <!-- LaunchGreenkart -->
        <test-method signature="EmptyStringPromoCode()[pri:0, instance:org.GreenKartAutomation.TestClasses.PromoCodeTests@6f36c2f0]" started-at="2024-10-21T23:46:50 IST" name="EmptyStringPromoCode" description="Test to verify dicount for empty string promo-code" finished-at="2024-10-21T23:46:56 IST" duration-ms="6126" status="PASS">
          <reporter-output>
          </reporter-output>
        </test-method> <!-- EmptyStringPromoCode -->
        <test-method is-config="true" signature="CloseBrowser()[pri:0, instance:org.GreenKartAutomation.TestClasses.PromoCodeTests@6f36c2f0]" started-at="2024-10-21T23:46:56 IST" name="CloseBrowser" finished-at="2024-10-21T23:46:57 IST" duration-ms="1249" status="PASS">
          <reporter-output>
          </reporter-output>
        </test-method> <!-- CloseBrowser -->
        <test-method is-config="true" signature="LaunchGreenkart()[pri:0, instance:org.GreenKartAutomation.TestClasses.PromoCodeTests@6f36c2f0]" started-at="2024-10-21T23:46:57 IST" name="LaunchGreenkart" finished-at="2024-10-21T23:47:00 IST" duration-ms="2492" status="PASS">
          <reporter-output>
          </reporter-output>
        </test-method> <!-- LaunchGreenkart -->
        <test-method signature="InvalidPromoCodeDiscount()[pri:0, instance:org.GreenKartAutomation.TestClasses.PromoCodeTests@6f36c2f0]" started-at="2024-10-21T23:47:00 IST" name="InvalidPromoCodeDiscount" description="Test to verify dicount for invalid promo-code" finished-at="2024-10-21T23:47:11 IST" duration-ms="11182" status="PASS">
          <reporter-output>
          </reporter-output>
        </test-method> <!-- InvalidPromoCodeDiscount -->
        <test-method is-config="true" signature="CloseBrowser()[pri:0, instance:org.GreenKartAutomation.TestClasses.PromoCodeTests@6f36c2f0]" started-at="2024-10-21T23:47:11 IST" name="CloseBrowser" finished-at="2024-10-21T23:47:12 IST" duration-ms="1215" status="PASS">
          <reporter-output>
          </reporter-output>
        </test-method> <!-- CloseBrowser -->
        <test-method is-config="true" signature="LaunchGreenkart()[pri:0, instance:org.GreenKartAutomation.TestClasses.PromoCodeTests@6f36c2f0]" started-at="2024-10-21T23:47:12 IST" name="LaunchGreenkart" finished-at="2024-10-21T23:47:15 IST" duration-ms="2275" status="PASS">
          <reporter-output>
          </reporter-output>
        </test-method> <!-- LaunchGreenkart -->
        <test-method signature="ValidPromoCodeDiscount()[pri:0, instance:org.GreenKartAutomation.TestClasses.PromoCodeTests@6f36c2f0]" started-at="2024-10-21T23:47:15 IST" name="ValidPromoCodeDiscount" description="Test to verify dicount for valid promo-code" finished-at="2024-10-21T23:47:26 IST" duration-ms="11101" status="PASS">
          <reporter-output>
          </reporter-output>
        </test-method> <!-- ValidPromoCodeDiscount -->
        <test-method is-config="true" signature="CloseBrowser()[pri:0, instance:org.GreenKartAutomation.TestClasses.PromoCodeTests@6f36c2f0]" started-at="2024-10-21T23:47:26 IST" name="CloseBrowser" finished-at="2024-10-21T23:47:27 IST" duration-ms="1228" status="PASS">
          <reporter-output>
          </reporter-output>
        </test-method> <!-- CloseBrowser -->
      </class> <!-- org.GreenKartAutomation.TestClasses.PromoCodeTests -->
    </test> <!-- PromoCode -->
    <test started-at="2024-10-21T23:47:27 IST" name="AddToCart" finished-at="2024-10-21T23:48:12 IST" duration-ms="44867">
      <class name="org.GreenKartAutomation.TestClasses.AddToCartTests">
        <test-method is-config="true" signature="LaunchGreenkart()[pri:0, instance:org.GreenKartAutomation.TestClasses.AddToCartTests@2fb0623e]" started-at="2024-10-21T23:47:27 IST" name="LaunchGreenkart" finished-at="2024-10-21T23:47:29 IST" duration-ms="2417" status="PASS">
          <reporter-output>
          </reporter-output>
        </test-method> <!-- LaunchGreenkart -->
        <test-method signature="AddingToCart()[pri:0, instance:org.GreenKartAutomation.TestClasses.AddToCartTests@2fb0623e]" started-at="2024-10-21T23:47:29 IST" name="AddingToCart" description="Test to verify add to cart functionality" finished-at="2024-10-21T23:47:33 IST" duration-ms="3902" status="PASS">
          <reporter-output>
          </reporter-output>
        </test-method> <!-- AddingToCart -->
        <test-method is-config="true" signature="CloseBrowser()[pri:0, instance:org.GreenKartAutomation.TestClasses.AddToCartTests@2fb0623e]" started-at="2024-10-21T23:47:33 IST" name="CloseBrowser" finished-at="2024-10-21T23:47:35 IST" duration-ms="1276" status="PASS">
          <reporter-output>
          </reporter-output>
        </test-method> <!-- CloseBrowser -->
        <test-method is-config="true" signature="LaunchGreenkart()[pri:0, instance:org.GreenKartAutomation.TestClasses.AddToCartTests@2fb0623e]" started-at="2024-10-21T23:47:35 IST" name="LaunchGreenkart" finished-at="2024-10-21T23:47:37 IST" duration-ms="2341" status="PASS">
          <reporter-output>
          </reporter-output>
        </test-method> <!-- LaunchGreenkart -->
        <test-method signature="EmptyCartCheckout()[pri:0, instance:org.GreenKartAutomation.TestClasses.AddToCartTests@2fb0623e]" started-at="2024-10-21T23:47:37 IST" name="EmptyCartCheckout" description="Test to verify emtpy order" finished-at="2024-10-21T23:47:37 IST" duration-ms="95" status="FAIL">
          <exception class="java.lang.AssertionError">
            <message>
              <![CDATA[expected [false] but found [true]]]>
            </message>
            <full-stacktrace>
              <![CDATA[java.lang.AssertionError: expected [false] but found [true]
at org.testng.Assert.fail(Assert.java:110)
at org.testng.Assert.failNotEquals(Assert.java:1577)
at org.testng.Assert.assertFalse(Assert.java:78)
at org.testng.Assert.assertFalse(Assert.java:88)
at org.GreenKartAutomation.TestClasses.AddToCartTests.EmptyCartCheckout(AddToCartTests.java:30)
at java.base/jdk.internal.reflect.DirectMethodHandleAccessor.invoke(DirectMethodHandleAccessor.java:104)
at java.base/java.lang.reflect.Method.invoke(Method.java:577)
at org.testng.internal.invokers.MethodInvocationHelper.invokeMethod(MethodInvocationHelper.java:139)
at org.testng.internal.invokers.TestInvoker.invokeMethod(TestInvoker.java:677)
at org.testng.internal.invokers.TestInvoker.invokeTestMethod(TestInvoker.java:221)
at org.testng.internal.invokers.MethodRunner.runInSequence(MethodRunner.java:50)
at org.testng.internal.invokers.TestInvoker$MethodInvocationAgent.invoke(TestInvoker.java:969)
at org.testng.internal.invokers.TestInvoker.invokeTestMethods(TestInvoker.java:194)
at org.testng.internal.invokers.TestMethodWorker.invokeTestMethods(TestMethodWorker.java:148)
at org.testng.internal.invokers.TestMethodWorker.run(TestMethodWorker.java:128)
at java.base/java.util.ArrayList.forEach(ArrayList.java:1511)
at org.testng.TestRunner.privateRun(TestRunner.java:829)
at org.testng.TestRunner.run(TestRunner.java:602)
at org.testng.SuiteRunner.runTest(SuiteRunner.java:437)
at org.testng.SuiteRunner.runSequentially(SuiteRunner.java:431)
at org.testng.SuiteRunner.privateRun(SuiteRunner.java:391)
at org.testng.SuiteRunner.run(SuiteRunner.java:330)
at org.testng.SuiteRunnerWorker.runSuite(SuiteRunnerWorker.java:52)
at org.testng.SuiteRunnerWorker.run(SuiteRunnerWorker.java:95)
at org.testng.TestNG.runSuitesSequentially(TestNG.java:1256)
at org.testng.TestNG.runSuitesLocally(TestNG.java:1176)
at org.testng.TestNG.runSuites(TestNG.java:1099)
at org.testng.TestNG.run(TestNG.java:1067)
at org.testng.remote.AbstractRemoteTestNG.run(AbstractRemoteTestNG.java:115)
at org.testng.remote.RemoteTestNG.initAndRun(RemoteTestNG.java:251)
at org.testng.remote.RemoteTestNG.main(RemoteTestNG.java:77)
]]>
            </full-stacktrace>
          </exception> <!-- java.lang.AssertionError -->
          <reporter-output>
          </reporter-output>
        </test-method> <!-- EmptyCartCheckout -->
        <test-method is-config="true" signature="CloseBrowser()[pri:0, instance:org.GreenKartAutomation.TestClasses.AddToCartTests@2fb0623e]" started-at="2024-10-21T23:47:37 IST" name="CloseBrowser" finished-at="2024-10-21T23:47:38 IST" duration-ms="1215" status="PASS">
          <reporter-output>
          </reporter-output>
        </test-method> <!-- CloseBrowser -->
        <test-method is-config="true" signature="LaunchGreenkart()[pri:0, instance:org.GreenKartAutomation.TestClasses.AddToCartTests@2fb0623e]" started-at="2024-10-21T23:47:38 IST" name="LaunchGreenkart" finished-at="2024-10-21T23:47:41 IST" duration-ms="2307" status="PASS">
          <reporter-output>
          </reporter-output>
        </test-method> <!-- LaunchGreenkart -->
        <test-method signature="EmptyCartText()[pri:0, instance:org.GreenKartAutomation.TestClasses.AddToCartTests@2fb0623e]" started-at="2024-10-21T23:47:41 IST" name="EmptyCartText" description="Test to verify text for empty cart" finished-at="2024-10-21T23:47:42 IST" duration-ms="1674" status="PASS">
          <reporter-output>
          </reporter-output>
        </test-method> <!-- EmptyCartText -->
        <test-method is-config="true" signature="CloseBrowser()[pri:0, instance:org.GreenKartAutomation.TestClasses.AddToCartTests@2fb0623e]" started-at="2024-10-21T23:47:42 IST" name="CloseBrowser" finished-at="2024-10-21T23:47:44 IST" duration-ms="1214" status="PASS">
          <reporter-output>
          </reporter-output>
        </test-method> <!-- CloseBrowser -->
        <test-method is-config="true" signature="LaunchGreenkart()[pri:0, instance:org.GreenKartAutomation.TestClasses.AddToCartTests@2fb0623e]" started-at="2024-10-21T23:47:44 IST" name="LaunchGreenkart" finished-at="2024-10-21T23:47:46 IST" duration-ms="2318" status="PASS">
          <reporter-output>
          </reporter-output>
        </test-method> <!-- LaunchGreenkart -->
        <test-method signature="FooterText()[pri:0, instance:org.GreenKartAutomation.TestClasses.AddToCartTests@2fb0623e]" started-at="2024-10-21T23:47:46 IST" name="FooterText" description="Test to verify footer text" finished-at="2024-10-21T23:47:46 IST" duration-ms="24" status="PASS">
          <reporter-output>
          </reporter-output>
        </test-method> <!-- FooterText -->
        <test-method is-config="true" signature="CloseBrowser()[pri:0, instance:org.GreenKartAutomation.TestClasses.AddToCartTests@2fb0623e]" started-at="2024-10-21T23:47:46 IST" name="CloseBrowser" finished-at="2024-10-21T23:47:47 IST" duration-ms="1217" status="PASS">
          <reporter-output>
          </reporter-output>
        </test-method> <!-- CloseBrowser -->
        <test-method is-config="true" signature="LaunchGreenkart()[pri:0, instance:org.GreenKartAutomation.TestClasses.AddToCartTests@2fb0623e]" started-at="2024-10-21T23:47:47 IST" name="LaunchGreenkart" finished-at="2024-10-21T23:47:50 IST" duration-ms="3136" status="PASS">
          <reporter-output>
          </reporter-output>
        </test-method> <!-- LaunchGreenkart -->
        <test-method signature="ItemCount()[pri:0, instance:org.GreenKartAutomation.TestClasses.AddToCartTests@2fb0623e]" started-at="2024-10-21T23:47:50 IST" name="ItemCount" description="Test to verify cart items count" finished-at="2024-10-21T23:47:57 IST" duration-ms="7097" status="PASS">
          <reporter-output>
          </reporter-output>
        </test-method> <!-- ItemCount -->
        <test-method is-config="true" signature="CloseBrowser()[pri:0, instance:org.GreenKartAutomation.TestClasses.AddToCartTests@2fb0623e]" started-at="2024-10-21T23:47:57 IST" name="CloseBrowser" finished-at="2024-10-21T23:47:59 IST" duration-ms="1248" status="PASS">
          <reporter-output>
          </reporter-output>
        </test-method> <!-- CloseBrowser -->
        <test-method is-config="true" signature="LaunchGreenkart()[pri:0, instance:org.GreenKartAutomation.TestClasses.AddToCartTests@2fb0623e]" started-at="2024-10-21T23:47:59 IST" name="LaunchGreenkart" finished-at="2024-10-21T23:48:01 IST" duration-ms="2432" status="PASS">
          <reporter-output>
          </reporter-output>
        </test-method> <!-- LaunchGreenkart -->
        <test-method signature="PageTitle()[pri:0, instance:org.GreenKartAutomation.TestClasses.AddToCartTests@2fb0623e]" started-at="2024-10-21T23:48:01 IST" name="PageTitle" description="Test to verify page title" finished-at="2024-10-21T23:48:01 IST" duration-ms="9" status="PASS">
          <reporter-output>
          </reporter-output>
        </test-method> <!-- PageTitle -->
        <test-method is-config="true" signature="CloseBrowser()[pri:0, instance:org.GreenKartAutomation.TestClasses.AddToCartTests@2fb0623e]" started-at="2024-10-21T23:48:01 IST" name="CloseBrowser" finished-at="2024-10-21T23:48:02 IST" duration-ms="1249" status="PASS">
          <reporter-output>
          </reporter-output>
        </test-method> <!-- CloseBrowser -->
        <test-method is-config="true" signature="LaunchGreenkart()[pri:0, instance:org.GreenKartAutomation.TestClasses.AddToCartTests@2fb0623e]" started-at="2024-10-21T23:48:02 IST" name="LaunchGreenkart" finished-at="2024-10-21T23:48:05 IST" duration-ms="2584" status="PASS">
          <reporter-output>
          </reporter-output>
        </test-method> <!-- LaunchGreenkart -->
        <test-method signature="RefreshCart()[pri:0, instance:org.GreenKartAutomation.TestClasses.AddToCartTests@2fb0623e]" started-at="2024-10-21T23:48:05 IST" name="RefreshCart" description="Test to verify cart items on page refresh" finished-at="2024-10-21T23:48:10 IST" duration-ms="5482" status="FAIL">
          <exception class="java.lang.AssertionError">
            <message>
              <![CDATA[expected [4] but found [0]]]>
            </message>
            <full-stacktrace>
              <![CDATA[java.lang.AssertionError: expected [4] but found [0]
at org.testng.Assert.fail(Assert.java:110)
at org.testng.Assert.failNotEquals(Assert.java:1577)
at org.testng.Assert.assertEqualsImpl(Assert.java:149)
at org.testng.Assert.assertEquals(Assert.java:131)
at org.testng.Assert.assertEquals(Assert.java:1418)
at org.testng.Assert.assertEquals(Assert.java:1382)
at org.testng.Assert.assertEquals(Assert.java:1428)
at org.GreenKartAutomation.TestClasses.AddToCartTests.RefreshCart(AddToCartTests.java:46)
at java.base/jdk.internal.reflect.DirectMethodHandleAccessor.invoke(DirectMethodHandleAccessor.java:104)
at java.base/java.lang.reflect.Method.invoke(Method.java:577)
at org.testng.internal.invokers.MethodInvocationHelper.invokeMethod(MethodInvocationHelper.java:139)
at org.testng.internal.invokers.TestInvoker.invokeMethod(TestInvoker.java:677)
at org.testng.internal.invokers.TestInvoker.invokeTestMethod(TestInvoker.java:221)
at org.testng.internal.invokers.MethodRunner.runInSequence(MethodRunner.java:50)
at org.testng.internal.invokers.TestInvoker$MethodInvocationAgent.invoke(TestInvoker.java:969)
at org.testng.internal.invokers.TestInvoker.invokeTestMethods(TestInvoker.java:194)
at org.testng.internal.invokers.TestMethodWorker.invokeTestMethods(TestMethodWorker.java:148)
at org.testng.internal.invokers.TestMethodWorker.run(TestMethodWorker.java:128)
at java.base/java.util.ArrayList.forEach(ArrayList.java:1511)
at org.testng.TestRunner.privateRun(TestRunner.java:829)
at org.testng.TestRunner.run(TestRunner.java:602)
at org.testng.SuiteRunner.runTest(SuiteRunner.java:437)
at org.testng.SuiteRunner.runSequentially(SuiteRunner.java:431)
at org.testng.SuiteRunner.privateRun(SuiteRunner.java:391)
at org.testng.SuiteRunner.run(SuiteRunner.java:330)
at org.testng.SuiteRunnerWorker.runSuite(SuiteRunnerWorker.java:52)
at org.testng.SuiteRunnerWorker.run(SuiteRunnerWorker.java:95)
at org.testng.TestNG.runSuitesSequentially(TestNG.java:1256)
at org.testng.TestNG.runSuitesLocally(TestNG.java:1176)
at org.testng.TestNG.runSuites(TestNG.java:1099)
at org.testng.TestNG.run(TestNG.java:1067)
at org.testng.remote.AbstractRemoteTestNG.run(AbstractRemoteTestNG.java:115)
at org.testng.remote.RemoteTestNG.initAndRun(RemoteTestNG.java:251)
at org.testng.remote.RemoteTestNG.main(RemoteTestNG.java:77)
]]>
            </full-stacktrace>
          </exception> <!-- java.lang.AssertionError -->
          <reporter-output>
          </reporter-output>
        </test-method> <!-- RefreshCart -->
        <test-method is-config="true" signature="CloseBrowser()[pri:0, instance:org.GreenKartAutomation.TestClasses.AddToCartTests@2fb0623e]" started-at="2024-10-21T23:48:11 IST" name="CloseBrowser" finished-at="2024-10-21T23:48:12 IST" duration-ms="1230" status="PASS">
          <reporter-output>
          </reporter-output>
        </test-method> <!-- CloseBrowser -->
      </class> <!-- org.GreenKartAutomation.TestClasses.AddToCartTests -->
    </test> <!-- AddToCart -->
  </suite> <!-- GreenKartTesting -->
</testng-results>
